<?xml version="1.0" encoding="UTF-8"?>
<testng-results ignored="0" total="1" passed="1" failed="0" skipped="0">
  <reporter-output>
  </reporter-output>
  <suite started-at="2025-11-03T02:00:12 IST" name="Surefire suite" finished-at="2025-11-03T02:01:19 IST" duration-ms="67236">
    <groups>
    </groups>
    <test started-at="2025-11-03T02:00:12 IST" name="Surefire test" finished-at="2025-11-03T02:01:19 IST" duration-ms="67236">
      <class name="com.example.AmazonSearchTest">
        <test-method is-config="true" signature="setUp()[pri:0, instance:com.example.AmazonSearchTest@61230f6a]" started-at="2025-11-03T02:00:12 IST" name="setUp" finished-at="2025-11-03T02:00:52 IST" duration-ms="39828" status="PASS">
          <reporter-output>
          </reporter-output>
        </test-method> <!-- setUp -->
        <test-method signature="searchForHeadphones()[pri:0, instance:com.example.AmazonSearchTest@61230f6a]" started-at="2025-11-03T02:00:52 IST" name="searchForHeadphones" finished-at="2025-11-03T02:01:18 IST" duration-ms="26392" status="PASS">
          <reporter-output>
          </reporter-output>
        </test-method> <!-- searchForHeadphones -->
        <test-method is-config="true" signature="tearDown()[pri:0, instance:com.example.AmazonSearchTest@61230f6a]" started-at="2025-11-03T02:01:18 IST" name="tearDown" finished-at="2025-11-03T02:01:19 IST" duration-ms="937" status="PASS">
          <reporter-output>
          </reporter-output>
        </test-method> <!-- tearDown -->
      </class> <!-- com.example.AmazonSearchTest -->
    </test> <!-- Surefire test -->
  </suite> <!-- Surefire suite -->
</testng-results>
